writeCommonTags: couldn't write 'year' tag to 'Our Dream - Sovietwave.m4a' as it's not a positive integer
writeCommonTags: couldn't write 'track' tag to 'Our Dream - Sovietwave.m4a' as it's not a positive integer
writeCommonTags: couldn't write 'year' tag to 'Our Dream - Sovietwave.m4a' as it's not a positive integer
writeCommonTags: couldn't write 'track' tag to 'Our Dream - Sovietwave.m4a' as it's not a positive integer
writeCommonTags: couldn't write 'year' tag to 'Our Dream - Sovietwave.m4a' as it's not a positive integer
writeCommonTags: couldn't write 'track' tag to 'Our Dream - Sovietwave.m4a' as it's not a positive integer
writeCommonTags: couldn't write 'year' tag to 'Our Dream - Sovietwave.m4a' as it's not a positive integer
writeCommonTags: couldn't write 'track' tag to 'Our Dream - Sovietwave.m4a' as it's not a positive integer
writeCommonTags: couldn't write 'year' tag to 'Tycho - The Science of Patterns.m4a' as it's not a positive integer
writeCommonTags: couldn't write 'track' tag to 'Tycho - The Science of Patterns.m4a' as it's not a positive integer
writeCommonTags: couldn't write 'year' tag to 'code-fi.m4a' as it's not a positive integer
writeCommonTags: couldn't write 'track' tag to 'code-fi.m4a' as it's not a positive integer
writeCommonTags: couldn't write 'year' tag to 'Our Dream - Sovietwave.m4a' as it's not a positive integer
writeCommonTags: couldn't write 'track' tag to 'Our Dream - Sovietwave.m4a' as it's not a positive integer
writeCommonTags: couldn't write 'year' tag to 'Tycho - The Science of Patterns.m4a' as it's not a positive integer
writeCommonTags: couldn't write 'track' tag to 'Tycho - The Science of Patterns.m4a' as it's not a positive integer
TagLib: Could not open file /home/danielvelara/Music/Skeeter Davis - The End of the World.mp3
writeCommonTags: couldn't write 'year' tag to 'Migala-LoFi.m4a' as it's not a positive integer
writeCommonTags: couldn't write 'track' tag to 'Migala-LoFi.m4a' as it's not a positive integer
writeCommonTags: couldn't write 'year' tag to 'Sword & Sworcery LP - All Soundtracks [xCcWWcL_Sg4].m4a' as it's not a positive integer
writeCommonTags: couldn't write 'track' tag to 'Sword & Sworcery LP - All Soundtracks [xCcWWcL_Sg4].m4a' as it's not a positive integer
writeCommonTags: couldn't write 'year' tag to 'Blues to relax (meditation) - Thomas Shelby [rPJiE-S0tdg].m4a' as it's not a positive integer
writeCommonTags: couldn't write 'track' tag to 'Blues to relax (meditation) - Thomas Shelby [rPJiE-S0tdg].m4a' as it's not a positive integer
writeCommonTags: couldn't write 'year' tag to 'Podcast1-InteligenciaArtificial.m4a' as it's not a positive integer
writeCommonTags: couldn't write 'track' tag to 'Podcast1-InteligenciaArtificial.m4a' as it's not a positive integer
writeCommonTags: couldn't write 'year' tag to 'Podcast2ElSentidoDeLaVida.m4a' as it's not a positive integer
writeCommonTags: couldn't write 'track' tag to 'Podcast2ElSentidoDeLaVida.m4a' as it's not a positive integer
writeCommonTags: couldn't write 'year' tag to 'Podcast5-UtopíasyDistopías.m4a' as it's not a positive integer
writeCommonTags: couldn't write 'track' tag to 'Podcast5-UtopíasyDistopías.m4a' as it's not a positive integer
TagLib: ID3v2.4 no longer supports the frame type TDAT.  It will be discarded from the tag.
TagLib: ID3v2.4 no longer supports the frame type TIME.  It will be discarded from the tag.
TagLib: ID3v2.4 no longer supports the frame type TDAT.  It will be discarded from the tag.
TagLib: ID3v2.4 no longer supports the frame type TIME.  It will be discarded from the tag.
TagLib: ID3v2.4 no longer supports the frame type TDAT.  It will be discarded from the tag.
TagLib: ID3v2.4 no longer supports the frame type TIME.  It will be discarded from the tag.
TagLib: ID3v2.4 no longer supports the frame type TDAT.  It will be discarded from the tag.
TagLib: ID3v2.4 no longer supports the frame type TIME.  It will be discarded from the tag.
TagLib: ID3v2.4 no longer supports the frame type TDAT.  It will be discarded from the tag.
TagLib: ID3v2.4 no longer supports the frame type TIME.  It will be discarded from the tag.
TagLib: ID3v2.4 no longer supports the frame type TDAT.  It will be discarded from the tag.
TagLib: ID3v2.4 no longer supports the frame type TIME.  It will be discarded from the tag.
writeCommonTags: couldn't write 'year' tag to 'Podcast5-UtopíasyDistopías.m4a' as it's not a positive integer
writeCommonTags: couldn't write 'track' tag to 'Podcast5-UtopíasyDistopías.m4a' as it's not a positive integer
writeCommonTags: couldn't write 'year' tag to 'Podcast2ElSentidoDeLaVida.m4a' as it's not a positive integer
writeCommonTags: couldn't write 'track' tag to 'Podcast2ElSentidoDeLaVida.m4a' as it's not a positive integer
writeCommonTags: couldn't write 'year' tag to 'Podcast1-InteligenciaArtificial.m4a' as it's not a positive integer
writeCommonTags: couldn't write 'year' tag to 'Podcast2ElSentidoDeLaVida.m4a' as it's not a positive integer
writeCommonTags: couldn't write 'track' tag to 'Podcast2ElSentidoDeLaVida.m4a' as it's not a positive integer
writeCommonTags: couldn't write 'year' tag to 'Podcast2ElSentidoDeLaVida.m4a' as it's not a positive integer
writeCommonTags: couldn't write 'year' tag to 'Podcast5-UtopíasyDistopías.m4a' as it's not a positive integer
writeCommonTags: couldn't write 'year' tag to 'Podcast5-UtopíasyDistopías.m4a' as it's not a positive integer
TagLib: ID3v2.4 no longer supports the frame type TDAT.  It will be discarded from the tag.
TagLib: ID3v2.4 no longer supports the frame type TIME.  It will be discarded from the tag.
TagLib: ID3v2.4 no longer supports the frame type TDAT.  It will be discarded from the tag.
TagLib: ID3v2.4 no longer supports the frame type TIME.  It will be discarded from the tag.
TagLib: ID3v2.4 no longer supports the frame type TDAT.  It will be discarded from the tag.
TagLib: ID3v2.4 no longer supports the frame type TIME.  It will be discarded from the tag.
TagLib: ID3v2.4 no longer supports the frame type TDAT.  It will be discarded from the tag.
TagLib: ID3v2.4 no longer supports the frame type TIME.  It will be discarded from the tag.
TagLib: ID3v2.4 no longer supports the frame type TDAT.  It will be discarded from the tag.
TagLib: ID3v2.4 no longer supports the frame type TIME.  It will be discarded from the tag.
TagLib: ID3v2.4 no longer supports the frame type TDAT.  It will be discarded from the tag.
TagLib: ID3v2.4 no longer supports the frame type TIME.  It will be discarded from the tag.
writeCommonTags: couldn't write 'year' tag to 'Podcast1-InteligenciaArtificial.m4a' as it's not a positive integer
writeCommonTags: couldn't write 'year' tag to 'Podcast2ElSentidoDeLaVida.m4a' as it's not a positive integer
writeCommonTags: couldn't write 'year' tag to 'Podcast5-UtopíasyDistopías.m4a' as it's not a positive integer
writeCommonTags: couldn't write 'year' tag to 'Podcast5-UtopíasyDistopías.m4a' as it's not a positive integer
writeCommonTags: couldn't write 'year' tag to 'Migala-LoFi.m4a' as it's not a positive integer
writeCommonTags: couldn't write 'track' tag to 'Migala-LoFi.m4a' as it's not a positive integer
writeCommonTags: couldn't write 'year' tag to 'Podcast5-UtopíasyDistopías.m4a' as it's not a positive integer
TagLib: ID3v2.4 no longer supports the frame type TDAT.  It will be discarded from the tag.
TagLib: ID3v2.4 no longer supports the frame type TIME.  It will be discarded from the tag.
TagLib: ID3v2.4 no longer supports the frame type TDAT.  It will be discarded from the tag.
TagLib: ID3v2.4 no longer supports the frame type TIME.  It will be discarded from the tag.
TagLib: ID3v2.4 no longer supports the frame type TDAT.  It will be discarded from the tag.
TagLib: ID3v2.4 no longer supports the frame type TIME.  It will be discarded from the tag.
TagLib: ID3v2.4 no longer supports the frame type TDAT.  It will be discarded from the tag.
TagLib: ID3v2.4 no longer supports the frame type TIME.  It will be discarded from the tag.
TagLib: ID3v2.4 no longer supports the frame type TDAT.  It will be discarded from the tag.
TagLib: ID3v2.4 no longer supports the frame type TIME.  It will be discarded from the tag.
TagLib: ID3v2.4 no longer supports the frame type TDAT.  It will be discarded from the tag.
TagLib: ID3v2.4 no longer supports the frame type TIME.  It will be discarded from the tag.
TagLib: ID3v2.4 no longer supports the frame type TDAT.  It will be discarded from the tag.
TagLib: ID3v2.4 no longer supports the frame type TIME.  It will be discarded from the tag.
TagLib: ID3v2.4 no longer supports the frame type TDAT.  It will be discarded from the tag.
TagLib: ID3v2.4 no longer supports the frame type TIME.  It will be discarded from the tag.
TagLib: ID3v2.4 no longer supports the frame type TDAT.  It will be discarded from the tag.
TagLib: ID3v2.4 no longer supports the frame type TIME.  It will be discarded from the tag.
TagLib: ID3v2.4 no longer supports the frame type TDAT.  It will be discarded from the tag.
TagLib: ID3v2.4 no longer supports the frame type TIME.  It will be discarded from the tag.
TagLib: ID3v2.4 no longer supports the frame type TDAT.  It will be discarded from the tag.
TagLib: ID3v2.4 no longer supports the frame type TIME.  It will be discarded from the tag.
TagLib: ID3v2.4 no longer supports the frame type TDAT.  It will be discarded from the tag.
TagLib: ID3v2.4 no longer supports the frame type TIME.  It will be discarded from the tag.
TagLib: ID3v2.4 no longer supports the frame type TDAT.  It will be discarded from the tag.
TagLib: ID3v2.4 no longer supports the frame type TIME.  It will be discarded from the tag.
TagLib: ID3v2.4 no longer supports the frame type TDAT.  It will be discarded from the tag.
TagLib: ID3v2.4 no longer supports the frame type TIME.  It will be discarded from the tag.
TagLib: ID3v2.4 no longer supports the frame type TDAT.  It will be discarded from the tag.
TagLib: ID3v2.4 no longer supports the frame type TIME.  It will be discarded from the tag.
TagLib: ID3v2.4 no longer supports the frame type TDAT.  It will be discarded from the tag.
TagLib: ID3v2.4 no longer supports the frame type TIME.  It will be discarded from the tag.
TagLib: ID3v2.4 no longer supports the frame type TDAT.  It will be discarded from the tag.
TagLib: ID3v2.4 no longer supports the frame type TIME.  It will be discarded from the tag.
TagLib: ID3v2.4 no longer supports the frame type TDAT.  It will be discarded from the tag.
TagLib: ID3v2.4 no longer supports the frame type TIME.  It will be discarded from the tag.
TagLib: ID3v2.4 no longer supports the frame type TDAT.  It will be discarded from the tag.
TagLib: ID3v2.4 no longer supports the frame type TIME.  It will be discarded from the tag.
TagLib: ID3v2.4 no longer supports the frame type TDAT.  It will be discarded from the tag.
TagLib: ID3v2.4 no longer supports the frame type TIME.  It will be discarded from the tag.
TagLib: ID3v2.4 no longer supports the frame type TDAT.  It will be discarded from the tag.
TagLib: ID3v2.4 no longer supports the frame type TIME.  It will be discarded from the tag.
TagLib: ID3v2.4 no longer supports the frame type TDAT.  It will be discarded from the tag.
TagLib: ID3v2.4 no longer supports the frame type TIME.  It will be discarded from the tag.
TagLib: ID3v2.4 no longer supports the frame type TDAT.  It will be discarded from the tag.
TagLib: ID3v2.4 no longer supports the frame type TIME.  It will be discarded from the tag.
TagLib: ID3v2.4 no longer supports the frame type TDAT.  It will be discarded from the tag.
TagLib: ID3v2.4 no longer supports the frame type TIME.  It will be discarded from the tag.
TagLib: ID3v2.4 no longer supports the frame type TDAT.  It will be discarded from the tag.
TagLib: ID3v2.4 no longer supports the frame type TIME.  It will be discarded from the tag.
TagLib: ID3v2.4 no longer supports the frame type TDAT.  It will be discarded from the tag.
TagLib: ID3v2.4 no longer supports the frame type TIME.  It will be discarded from the tag.
TagLib: ID3v2.4 no longer supports the frame type TDAT.  It will be discarded from the tag.
TagLib: ID3v2.4 no longer supports the frame type TIME.  It will be discarded from the tag.
TagLib: ID3v2.4 no longer supports the frame type TDAT.  It will be discarded from the tag.
TagLib: ID3v2.4 no longer supports the frame type TIME.  It will be discarded from the tag.
TagLib: ID3v2.4 no longer supports the frame type TDAT.  It will be discarded from the tag.
TagLib: ID3v2.4 no longer supports the frame type TIME.  It will be discarded from the tag.
TagLib: ID3v2.4 no longer supports the frame type TDAT.  It will be discarded from the tag.
TagLib: ID3v2.4 no longer supports the frame type TIME.  It will be discarded from the tag.
TagLib: ID3v2.4 no longer supports the frame type TDAT.  It will be discarded from the tag.
TagLib: ID3v2.4 no longer supports the frame type TIME.  It will be discarded from the tag.
TagLib: ID3v2.4 no longer supports the frame type TDAT.  It will be discarded from the tag.
TagLib: ID3v2.4 no longer supports the frame type TIME.  It will be discarded from the tag.
TagLib: ID3v2.4 no longer supports the frame type TDAT.  It will be discarded from the tag.
TagLib: ID3v2.4 no longer supports the frame type TIME.  It will be discarded from the tag.
TagLib: ID3v2.4 no longer supports the frame type TDAT.  It will be discarded from the tag.
TagLib: ID3v2.4 no longer supports the frame type TIME.  It will be discarded from the tag.
TagLib: ID3v2.4 no longer supports the frame type TDAT.  It will be discarded from the tag.
TagLib: ID3v2.4 no longer supports the frame type TIME.  It will be discarded from the tag.
TagLib: ID3v2.4 no longer supports the frame type TDAT.  It will be discarded from the tag.
TagLib: ID3v2.4 no longer supports the frame type TIME.  It will be discarded from the tag.
TagLib: ID3v2.4 no longer supports the frame type TDAT.  It will be discarded from the tag.
TagLib: ID3v2.4 no longer supports the frame type TIME.  It will be discarded from the tag.
TagLib: ID3v2.4 no longer supports the frame type TDAT.  It will be discarded from the tag.
TagLib: ID3v2.4 no longer supports the frame type TIME.  It will be discarded from the tag.
TagLib: ID3v2.4 no longer supports the frame type TDAT.  It will be discarded from the tag.
TagLib: ID3v2.4 no longer supports the frame type TIME.  It will be discarded from the tag.
TagLib: ID3v2.4 no longer supports the frame type TDAT.  It will be discarded from the tag.
TagLib: ID3v2.4 no longer supports the frame type TIME.  It will be discarded from the tag.
TagLib: ID3v2.4 no longer supports the frame type TDAT.  It will be discarded from the tag.
TagLib: ID3v2.4 no longer supports the frame type TIME.  It will be discarded from the tag.
TagLib: ID3v2.4 no longer supports the frame type TDAT.  It will be discarded from the tag.
TagLib: ID3v2.4 no longer supports the frame type TIME.  It will be discarded from the tag.
TagLib: ID3v2.4 no longer supports the frame type TDAT.  It will be discarded from the tag.
TagLib: ID3v2.4 no longer supports the frame type TIME.  It will be discarded from the tag.
TagLib: ID3v2.4 no longer supports the frame type TDAT.  It will be discarded from the tag.
TagLib: ID3v2.4 no longer supports the frame type TIME.  It will be discarded from the tag.
TagLib: ID3v2.4 no longer supports the frame type TDAT.  It will be discarded from the tag.
TagLib: ID3v2.4 no longer supports the frame type TIME.  It will be discarded from the tag.
TagLib: ID3v2.4 no longer supports the frame type TDAT.  It will be discarded from the tag.
TagLib: ID3v2.4 no longer supports the frame type TIME.  It will be discarded from the tag.
TagLib: ID3v2.4 no longer supports the frame type TDAT.  It will be discarded from the tag.
TagLib: ID3v2.4 no longer supports the frame type TIME.  It will be discarded from the tag.
TagLib: ID3v2.4 no longer supports the frame type TDAT.  It will be discarded from the tag.
TagLib: ID3v2.4 no longer supports the frame type TIME.  It will be discarded from the tag.
TagLib: ID3v2.4 no longer supports the frame type TDAT.  It will be discarded from the tag.
TagLib: ID3v2.4 no longer supports the frame type TIME.  It will be discarded from the tag.
TagLib: ID3v2.4 no longer supports the frame type TDAT.  It will be discarded from the tag.
TagLib: ID3v2.4 no longer supports the frame type TIME.  It will be discarded from the tag.
TagLib: ID3v2.4 no longer supports the frame type TDAT.  It will be discarded from the tag.
TagLib: ID3v2.4 no longer supports the frame type TIME.  It will be discarded from the tag.
TagLib: ID3v2.4 no longer supports the frame type TDAT.  It will be discarded from the tag.
TagLib: ID3v2.4 no longer supports the frame type TIME.  It will be discarded from the tag.
TagLib: ID3v2.4 no longer supports the frame type TDAT.  It will be discarded from the tag.
TagLib: ID3v2.4 no longer supports the frame type TIME.  It will be discarded from the tag.
TagLib: ID3v2.4 no longer supports the frame type TDAT.  It will be discarded from the tag.
TagLib: ID3v2.4 no longer supports the frame type TIME.  It will be discarded from the tag.
TagLib: ID3v2.4 no longer supports the frame type TDAT.  It will be discarded from the tag.
TagLib: ID3v2.4 no longer supports the frame type TIME.  It will be discarded from the tag.
TagLib: ID3v2.4 no longer supports the frame type TDAT.  It will be discarded from the tag.
TagLib: ID3v2.4 no longer supports the frame type TIME.  It will be discarded from the tag.
TagLib: ID3v2.4 no longer supports the frame type TDAT.  It will be discarded from the tag.
TagLib: ID3v2.4 no longer supports the frame type TIME.  It will be discarded from the tag.
TagLib: ID3v2.4 no longer supports the frame type TDAT.  It will be discarded from the tag.
TagLib: ID3v2.4 no longer supports the frame type TIME.  It will be discarded from the tag.
TagLib: ID3v2.4 no longer supports the frame type TDAT.  It will be discarded from the tag.
TagLib: ID3v2.4 no longer supports the frame type TIME.  It will be discarded from the tag.
TagLib: ID3v2.4 no longer supports the frame type TDAT.  It will be discarded from the tag.
TagLib: ID3v2.4 no longer supports the frame type TIME.  It will be discarded from the tag.
TagLib: ID3v2.4 no longer supports the frame type TDAT.  It will be discarded from the tag.
TagLib: ID3v2.4 no longer supports the frame type TIME.  It will be discarded from the tag.
TagLib: ID3v2.4 no longer supports the frame type TDAT.  It will be discarded from the tag.
TagLib: ID3v2.4 no longer supports the frame type TIME.  It will be discarded from the tag.
TagLib: ID3v2.4 no longer supports the frame type TDAT.  It will be discarded from the tag.
TagLib: ID3v2.4 no longer supports the frame type TIME.  It will be discarded from the tag.
TagLib: ID3v2.4 no longer supports the frame type TDAT.  It will be discarded from the tag.
TagLib: ID3v2.4 no longer supports the frame type TIME.  It will be discarded from the tag.
TagLib: ID3v2.4 no longer supports the frame type TDAT.  It will be discarded from the tag.
TagLib: ID3v2.4 no longer supports the frame type TIME.  It will be discarded from the tag.
TagLib: ID3v2.4 no longer supports the frame type TDAT.  It will be discarded from the tag.
TagLib: ID3v2.4 no longer supports the frame type TIME.  It will be discarded from the tag.
TagLib: ID3v2.4 no longer supports the frame type TDAT.  It will be discarded from the tag.
TagLib: ID3v2.4 no longer supports the frame type TIME.  It will be discarded from the tag.
TagLib: ID3v2.4 no longer supports the frame type TDAT.  It will be discarded from the tag.
TagLib: ID3v2.4 no longer supports the frame type TIME.  It will be discarded from the tag.
TagLib: ID3v2.4 no longer supports the frame type TDAT.  It will be discarded from the tag.
TagLib: ID3v2.4 no longer supports the frame type TIME.  It will be discarded from the tag.
TagLib: ID3v2.4 no longer supports the frame type TDAT.  It will be discarded from the tag.
TagLib: ID3v2.4 no longer supports the frame type TIME.  It will be discarded from the tag.
TagLib: ID3v2.4 no longer supports the frame type TDAT.  It will be discarded from the tag.
TagLib: ID3v2.4 no longer supports the frame type TIME.  It will be discarded from the tag.
TagLib: ID3v2.4 no longer supports the frame type TDAT.  It will be discarded from the tag.
TagLib: ID3v2.4 no longer supports the frame type TIME.  It will be discarded from the tag.
TagLib: ID3v2.4 no longer supports the frame type TDAT.  It will be discarded from the tag.
TagLib: ID3v2.4 no longer supports the frame type TIME.  It will be discarded from the tag.
TagLib: ID3v2.4 no longer supports the frame type TDAT.  It will be discarded from the tag.
TagLib: ID3v2.4 no longer supports the frame type TIME.  It will be discarded from the tag.
TagLib: ID3v2.4 no longer supports the frame type TDAT.  It will be discarded from the tag.
TagLib: ID3v2.4 no longer supports the frame type TIME.  It will be discarded from the tag.
TagLib: ID3v2.4 no longer supports the frame type TDAT.  It will be discarded from the tag.
TagLib: ID3v2.4 no longer supports the frame type TIME.  It will be discarded from the tag.
TagLib: ID3v2.4 no longer supports the frame type TDAT.  It will be discarded from the tag.
TagLib: ID3v2.4 no longer supports the frame type TIME.  It will be discarded from the tag.
TagLib: ID3v2.4 no longer supports the frame type TDAT.  It will be discarded from the tag.
TagLib: ID3v2.4 no longer supports the frame type TIME.  It will be discarded from the tag.
TagLib: ID3v2.4 no longer supports the frame type TDAT.  It will be discarded from the tag.
TagLib: ID3v2.4 no longer supports the frame type TIME.  It will be discarded from the tag.
TagLib: ID3v2.4 no longer supports the frame type TDAT.  It will be discarded from the tag.
TagLib: ID3v2.4 no longer supports the frame type TIME.  It will be discarded from the tag.
TagLib: ID3v2.4 no longer supports the frame type TDAT.  It will be discarded from the tag.
TagLib: ID3v2.4 no longer supports the frame type TIME.  It will be discarded from the tag.
TagLib: ID3v2.4 no longer supports the frame type TDAT.  It will be discarded from the tag.
TagLib: ID3v2.4 no longer supports the frame type TIME.  It will be discarded from the tag.
TagLib: ID3v2.4 no longer supports the frame type TDAT.  It will be discarded from the tag.
TagLib: ID3v2.4 no longer supports the frame type TIME.  It will be discarded from the tag.
TagLib: ID3v2.4 no longer supports the frame type TDAT.  It will be discarded from the tag.
TagLib: ID3v2.4 no longer supports the frame type TIME.  It will be discarded from the tag.
TagLib: ID3v2.4 no longer supports the frame type TDAT.  It will be discarded from the tag.
TagLib: ID3v2.4 no longer supports the frame type TIME.  It will be discarded from the tag.
TagLib: ID3v2.4 no longer supports the frame type TDAT.  It will be discarded from the tag.
TagLib: ID3v2.4 no longer supports the frame type TIME.  It will be discarded from the tag.
TagLib: ID3v2.4 no longer supports the frame type TDAT.  It will be discarded from the tag.
TagLib: ID3v2.4 no longer supports the frame type TIME.  It will be discarded from the tag.
TagLib: ID3v2.4 no longer supports the frame type TDAT.  It will be discarded from the tag.
TagLib: ID3v2.4 no longer supports the frame type TIME.  It will be discarded from the tag.
TagLib: ID3v2.4 no longer supports the frame type TDAT.  It will be discarded from the tag.
TagLib: ID3v2.4 no longer supports the frame type TIME.  It will be discarded from the tag.
TagLib: ID3v2.4 no longer supports the frame type TDAT.  It will be discarded from the tag.
TagLib: ID3v2.4 no longer supports the frame type TIME.  It will be discarded from the tag.
TagLib: ID3v2.4 no longer supports the frame type TDAT.  It will be discarded from the tag.
TagLib: ID3v2.4 no longer supports the frame type TIME.  It will be discarded from the tag.
TagLib: ID3v2.4 no longer supports the frame type TDAT.  It will be discarded from the tag.
TagLib: ID3v2.4 no longer supports the frame type TIME.  It will be discarded from the tag.
TagLib: ID3v2.4 no longer supports the frame type TDAT.  It will be discarded from the tag.
TagLib: ID3v2.4 no longer supports the frame type TIME.  It will be discarded from the tag.
TagLib: ID3v2.4 no longer supports the frame type TDAT.  It will be discarded from the tag.
TagLib: ID3v2.4 no longer supports the frame type TIME.  It will be discarded from the tag.
writeCommonTags: couldn't write 'year' tag to 'PODCAST MIGALA 65  - LOS VIDEOJUEGOS [SGu1Bh0pvY4].m4a' as it's not a positive integer
writeCommonTags: couldn't write 'year' tag to 'Anil Seth on  the science of Being You [mi3lYHQfnTE].m4a' as it's not a positive integer
writeCommonTags: couldn't write 'track' tag to 'Anil Seth on  the science of Being You [mi3lYHQfnTE].m4a' as it's not a positive integer
writeCommonTags: couldn't write 'year' tag to 'Anil Seth on  the science of Being You [mi3lYHQfnTE].m4a' as it's not a positive integer
writeCommonTags: couldn't write 'track' tag to 'Anil Seth on  the science of Being You [mi3lYHQfnTE].m4a' as it's not a positive integer
writeCommonTags: couldn't write 'year' tag to 'TRANSMISIÓN ESPECIAL - Naturalismo poético [dbURq3dUvsw].m4a' as it's not a positive integer
writeCommonTags: couldn't write 'track' tag to 'TRANSMISIÓN ESPECIAL - Naturalismo poético [dbURq3dUvsw].m4a' as it's not a positive integer
writeCommonTags: couldn't write 'year' tag to 'Transmisión especial - LA SEXTA EXTINCIÓN [tlBz6V-S-Uw].m4a' as it's not a positive integer
writeCommonTags: couldn't write 'track' tag to 'Transmisión especial - LA SEXTA EXTINCIÓN [tlBz6V-S-Uw].m4a' as it's not a positive integer
writeCommonTags: couldn't write 'year' tag to 'Transmisión especial - Izquierda y derecha [JqlsZ02TBSM].m4a' as it's not a positive integer
writeCommonTags: couldn't write 'track' tag to 'Transmisión especial - Izquierda y derecha [JqlsZ02TBSM].m4a' as it's not a positive integer
writeCommonTags: couldn't write 'year' tag to 'PODCAST MIGALA 1.2 - IA [0mDv6_X1cks].m4a' as it's not a positive integer
writeCommonTags: couldn't write 'track' tag to 'PODCAST MIGALA 1.2 - IA [0mDv6_X1cks].m4a' as it's not a positive integer
writeCommonTags: couldn't write 'year' tag to 'PODCAST MIGALA - Especial de fin de año. [N0x2eKYQWww].m4a' as it's not a positive integer
writeCommonTags: couldn't write 'track' tag to 'PODCAST MIGALA - Especial de fin de año. [N0x2eKYQWww].m4a' as it's not a positive integer
TagLib: Could not open file /home/danielvelara/Music/Jeremih - oui.mp3
